0 info it worked if it ends with ok
1 verbose cli [ '/usr/bin/nodejs', '/usr/bin/npm', 'install' ]
2 info using npm@1.3.10
3 info using node@v0.10.25
4 warn package.json nam-pack-launcher@0.0.1 No repository field.
5 warn package.json nam-pack-launcher@0.0.1 No README data
6 verbose readDependencies using package.json deps
7 verbose install where, deps [ '/mnt/c/Users/bliao/Google Drive/Personal Projects/NAM Pack',
7 verbose install   [ 'electron' ] ]
8 info preinstall nam-pack-launcher@0.0.1
9 verbose readDependencies using package.json deps
10 verbose cache add [ 'electron@^3.1.0', null ]
11 verbose cache add name=undefined spec="electron@^3.1.0" args=["electron@^3.1.0",null]
12 verbose parsed url { protocol: null,
12 verbose parsed url   slashes: null,
12 verbose parsed url   auth: null,
12 verbose parsed url   host: null,
12 verbose parsed url   port: null,
12 verbose parsed url   hostname: null,
12 verbose parsed url   hash: null,
12 verbose parsed url   search: null,
12 verbose parsed url   query: null,
12 verbose parsed url   pathname: 'electron@^3.1.0',
12 verbose parsed url   path: 'electron@^3.1.0',
12 verbose parsed url   href: 'electron@^3.1.0' }
13 verbose cache add name="electron" spec="^3.1.0" args=["electron","^3.1.0"]
14 verbose parsed url { protocol: null,
14 verbose parsed url   slashes: null,
14 verbose parsed url   auth: null,
14 verbose parsed url   host: null,
14 verbose parsed url   port: null,
14 verbose parsed url   hostname: null,
14 verbose parsed url   hash: null,
14 verbose parsed url   search: null,
14 verbose parsed url   query: null,
14 verbose parsed url   pathname: '^3.1.0',
14 verbose parsed url   path: '^3.1.0',
14 verbose parsed url   href: '^3.1.0' }
15 verbose addNamed [ 'electron', '^3.1.0' ]
16 verbose addNamed [ null, '>=3.1.0-0 <4.0.0-0' ]
17 silly lockFile 6e990f3b-electron-3-1-0 electron@^3.1.0
18 verbose lock electron@^3.1.0 /mnt/c/Users/bliao/Google Drive/Current Classes/CMPSC 311/311/.npm/6e990f3b-electron-3-1-0.lock
19 silly addNameRange { name: 'electron', range: '>=3.1.0-0 <4.0.0-0', hasData: false }
20 verbose url raw electron
21 verbose url resolving [ 'https://registry.npmjs.org/', './electron' ]
22 verbose url resolved https://registry.npmjs.org/electron
23 info trying registry request attempt 1 at 17:00:50
24 http GET https://registry.npmjs.org/electron
25 info retry will retry, error on last attempt: Error: CERT_UNTRUSTED
26 info trying registry request attempt 2 at 17:01:00
27 http GET https://registry.npmjs.org/electron
28 info retry will retry, error on last attempt: Error: CERT_UNTRUSTED
29 info trying registry request attempt 3 at 17:02:00
30 http GET https://registry.npmjs.org/electron
31 silly lockFile 6e990f3b-electron-3-1-0 electron@^3.1.0
32 silly lockFile 6e990f3b-electron-3-1-0 electron@^3.1.0
33 error Error: CERT_UNTRUSTED
33 error     at SecurePair.<anonymous> (tls.js:1370:32)
33 error     at SecurePair.EventEmitter.emit (events.js:92:17)
33 error     at SecurePair.maybeInitFinished (tls.js:982:10)
33 error     at CleartextStream.read [as _read] (tls.js:469:13)
33 error     at CleartextStream.Readable.read (_stream_readable.js:320:10)
33 error     at EncryptedStream.write [as _write] (tls.js:366:25)
33 error     at doWrite (_stream_writable.js:223:10)
33 error     at writeOrBuffer (_stream_writable.js:213:5)
33 error     at EncryptedStream.Writable.write (_stream_writable.js:180:11)
33 error     at write (_stream_readable.js:583:24)
34 error If you need help, you may report this log at:
34 error     <http://github.com/isaacs/npm/issues>
34 error or email it to:
34 error     <npm-@googlegroups.com>
35 error System Linux 4.4.0-17134-Microsoft
36 error command "/usr/bin/nodejs" "/usr/bin/npm" "install"
37 error cwd /mnt/c/Users/bliao/Google Drive/Personal Projects/NAM Pack
38 error node -v v0.10.25
39 error npm -v 1.3.10
40 verbose exit [ 1, true ]
